#
# There is insufficient memory for the Java Runtime Environment to continue.
# Native memory allocation (malloc) failed to allocate 1082416 bytes for Chunk::new
# Possible reasons:
#   The system is out of physical RAM or swap space
#   The process is running with CompressedOops enabled, and the Java Heap may be blocking the growth of the native heap
# Possible solutions:
#   Reduce memory load on the system
#   Increase physical memory or swap space
#   Check if swap backing store is full
#   Decrease Java heap size (-Xmx/-Xms)
#   Decrease number of Java threads
#   Decrease Java thread stack sizes (-Xss)
#   Set larger code cache with -XX:ReservedCodeCacheSize=
#   JVM is running with Unscaled Compressed Oops mode in which the Java heap is
#     placed in the first 4GB address space. The Java Heap base address is the
#     maximum limit for the native heap growth. Please use -XX:HeapBaseMinAddress
#     to set the Java Heap base and to place the Java Heap above 4GB virtual address.
# This output file may be truncated or incomplete.
#
#  Out of Memory Error (arena.cpp:189), pid=41740, tid=25460
#
# JRE version: Java(TM) SE Runtime Environment (17.0.8+9) (build 17.0.8+9-LTS-211)
# Java VM: Java HotSpot(TM) 64-Bit Server VM (17.0.8+9-LTS-211, mixed mode, sharing, tiered, compressed oops, compressed class ptrs, g1 gc, windows-amd64)
# No core dump will be written. Minidumps are not enabled by default on client versions of Windows
#

---------------  S U M M A R Y ------------

Command Line: -javaagent:C:\Program Files\JetBrains\IntelliJ IDEA Educational Edition 2022.2.2\lib\idea_rt.jar=60884:C:\Program Files\JetBrains\IntelliJ IDEA Educational Edition 2022.2.2\bin -Dfile.encoding=UTF-8 com.lira.msavaliadorcredito.MsavaliadorcreditoApplication

Host: AMD Ryzen 7 5700U with Radeon Graphics         , 16 cores, 5G,  Windows 11 , 64 bit Build 22621 (10.0.22621.3085)
Time: Tue Mar  5 23:04:47 2024 Hora Padrão da Bahia elapsed time: 2.390559 seconds (0d 0h 0m 2s)

---------------  T H R E A D  ---------------

Current thread (0x000002b5873abef0):  JavaThread "C2 CompilerThread0" daemon [_thread_in_native, id=25460, stack(0x000000f398e00000,0x000000f398f00000)]


Current CompileTask:
C2:   2390 1705       4       org.springframework.boot.context.properties.source.ConfigurationPropertyName$ElementsParser::parse (234 bytes)

Stack: [0x000000f398e00000,0x000000f398f00000]
Native frames: (J=compiled Java code, j=interpreted, Vv=VM code, C=native code)
V  [jvm.dll+0x677d0a]
V  [jvm.dll+0x7d8c54]
V  [jvm.dll+0x7da3fe]
V  [jvm.dll+0x7daa63]
V  [jvm.dll+0x245c5f]
V  [jvm.dll+0xaaa6b]
V  [jvm.dll+0xab00c]
V  [jvm.dll+0x361e3f]
V  [jvm.dll+0x32c551]
V  [jvm.dll+0x32b9ea]
V  [jvm.dll+0x217fff]
V  [jvm.dll+0x217431]
V  [jvm.dll+0x1a3af0]
V  [jvm.dll+0x2270be]
V  [jvm.dll+0x22535b]
V  [jvm.dll+0x78e7bc]
V  [jvm.dll+0x788bba]
V  [jvm.dll+0x676b35]
C  [ucrtbase.dll+0x29363]
C  [KERNEL32.DLL+0x1257d]
C  [ntdll.dll+0x5aa58]


---------------  P R O C E S S  ---------------

Threads class SMR info:
_java_thread_list=0x000002b5cdaf0340, length=15, elements={
0x000002b5e7b6aa50, 0x000002b58738f2c0, 0x000002b58738fe40, 0x000002b5873a5300,
0x000002b5873a5bc0, 0x000002b5873a7490, 0x000002b5873ab250, 0x000002b5873abef0,
0x000002b5873ac8a0, 0x000002b5873c19b0, 0x000002b587377500, 0x000002b5877a8070,
0x000002b5876913d0, 0x000002b5cda3e310, 0x000002b5cd3a0610
}

Java Threads: ( => current thread )
  0x000002b5e7b6aa50 JavaThread "main" [_thread_blocked, id=27636, stack(0x000000f398100000,0x000000f398200000)]
  0x000002b58738f2c0 JavaThread "Reference Handler" daemon [_thread_blocked, id=29456, stack(0x000000f398800000,0x000000f398900000)]
  0x000002b58738fe40 JavaThread "Finalizer" daemon [_thread_blocked, id=14492, stack(0x000000f398900000,0x000000f398a00000)]
  0x000002b5873a5300 JavaThread "Signal Dispatcher" daemon [_thread_blocked, id=5676, stack(0x000000f398a00000,0x000000f398b00000)]
  0x000002b5873a5bc0 JavaThread "Attach Listener" daemon [_thread_blocked, id=28040, stack(0x000000f398b00000,0x000000f398c00000)]
  0x000002b5873a7490 JavaThread "Service Thread" daemon [_thread_blocked, id=17188, stack(0x000000f398c00000,0x000000f398d00000)]
  0x000002b5873ab250 JavaThread "Monitor Deflation Thread" daemon [_thread_blocked, id=22604, stack(0x000000f398d00000,0x000000f398e00000)]
=>0x000002b5873abef0 JavaThread "C2 CompilerThread0" daemon [_thread_in_native, id=25460, stack(0x000000f398e00000,0x000000f398f00000)]
  0x000002b5873ac8a0 JavaThread "C1 CompilerThread0" daemon [_thread_blocked, id=19424, stack(0x000000f398f00000,0x000000f399000000)]
  0x000002b5873c19b0 JavaThread "Sweeper thread" daemon [_thread_blocked, id=60088, stack(0x000000f399000000,0x000000f399100000)]
  0x000002b587377500 JavaThread "Common-Cleaner" daemon [_thread_blocked, id=24428, stack(0x000000f399100000,0x000000f399200000)]
  0x000002b5877a8070 JavaThread "Monitor Ctrl-Break" daemon [_thread_in_native, id=7776, stack(0x000000f399200000,0x000000f399300000)]
  0x000002b5876913d0 JavaThread "Notification Thread" daemon [_thread_blocked, id=46276, stack(0x000000f399300000,0x000000f399400000)]
  0x000002b5cda3e310 JavaThread "Thread-0" [_thread_blocked, id=59068, stack(0x000000f399900000,0x000000f399a00000)]
  0x000002b5cd3a0610 JavaThread "restartedMain" [_thread_in_Java, id=17648, stack(0x000000f399a00000,0x000000f399b00000)]

Other Threads:
  0x000002b5873894b0 VMThread "VM Thread" [stack: 0x000000f398700000,0x000000f398800000] [id=28340]
  0x000002b58780f460 WatcherThread [stack: 0x000000f399400000,0x000000f399500000] [id=11540]
  0x000002b5e7bb91f0 GCTaskThread "GC Thread#0" [stack: 0x000000f398200000,0x000000f398300000] [id=59060]
  0x000002b5cd980af0 GCTaskThread "GC Thread#1" [stack: 0x000000f399500000,0x000000f399600000] [id=21648]
  0x000002b5cd9d68d0 GCTaskThread "GC Thread#2" [stack: 0x000000f399600000,0x000000f399700000] [id=28536]
  0x000002b5cda04650 GCTaskThread "GC Thread#3" [stack: 0x000000f399700000,0x000000f399800000] [id=38560]
  0x000002b5cda04900 GCTaskThread "GC Thread#4" [stack: 0x000000f399800000,0x000000f399900000] [id=24804]
  0x000002b5e7bc5bf0 ConcurrentGCThread "G1 Main Marker" [stack: 0x000000f398300000,0x000000f398400000] [id=59956]
  0x000002b5e7bc65d0 ConcurrentGCThread "G1 Conc#0" [stack: 0x000000f398400000,0x000000f398500000] [id=48220]
  0x000002b5872474f0 ConcurrentGCThread "G1 Refine#0" [stack: 0x000000f398500000,0x000000f398600000] [id=34180]
  0x000002b587248bd0 ConcurrentGCThread "G1 Service" [stack: 0x000000f398600000,0x000000f398700000] [id=36684]

Threads with active compile tasks:
C2 CompilerThread0     2462 1705       4       org.springframework.boot.context.properties.source.ConfigurationPropertyName$ElementsParser::parse (234 bytes)

VM state: not at safepoint (normal execution)

VM Mutex/Monitor currently owned by a thread: None

Heap address: 0x00000000a2200000, size: 1502 MB, Compressed Oops mode: 32-bit

CDS archive(s) mapped at: [0x000002b588000000-0x000002b588bd0000-0x000002b588bd0000), size 12386304, SharedBaseAddress: 0x000002b588000000, ArchiveRelocationMode: 1.
Compressed class space mapped at: 0x000002b589000000-0x000002b5c9000000, reserved size: 1073741824
Narrow klass base: 0x000002b588000000, Narrow klass shift: 0, Narrow klass range: 0x100000000

GC Precious Log:
 CPUs: 16 total, 16 available
 Memory: 6005M
 Large Page Support: Disabled
 NUMA Support: Disabled
 Compressed Oops: Enabled (32-bit)
 Heap Region Size: 1M
 Heap Min Capacity: 8M
 Heap Initial Capacity: 94M
 Heap Max Capacity: 1502M
 Pre-touch: Disabled
 Parallel Workers: 13
 Concurrent Workers: 3
 Concurrent Refinement Workers: 13
 Periodic GC: Disabled

Heap:
 garbage-first heap   total 96256K, used 32108K [0x00000000a2200000, 0x0000000100000000)
  region size 1024K, 27 young (27648K), 3 survivors (3072K)
 Metaspace       used 9710K, committed 10048K, reserved 1114112K
  class space    used 1231K, committed 1408K, reserved 1048576K

Heap Regions: E=young(eden), S=young(survivor), O=old, HS=humongous(starts), HC=humongous(continues), CS=collection set, F=free, OA=open archive, CA=closed archive, TAMS=top-at-mark-start (previous, next)
|   0|0x00000000a2200000, 0x00000000a2200000, 0x00000000a2300000|  0%| F|  |TAMS 0x00000000a2200000, 0x00000000a2200000| Untracked 
|   1|0x00000000a2300000, 0x00000000a2400000, 0x00000000a2400000|100%|HS|  |TAMS 0x00000000a2300000, 0x00000000a2300000| Complete 
|   2|0x00000000a2400000, 0x00000000a2500000, 0x00000000a2500000|100%| O|  |TAMS 0x00000000a2400000, 0x00000000a2400000| Untracked 
|   3|0x00000000a2500000, 0x00000000a2600000, 0x00000000a2600000|100%| O|  |TAMS 0x00000000a2500000, 0x00000000a2500000| Untracked 
|   4|0x00000000a2600000, 0x00000000a2700000, 0x00000000a2700000|100%| O|  |TAMS 0x00000000a2600000, 0x00000000a2600000| Untracked 
|   5|0x00000000a2700000, 0x00000000a2800000, 0x00000000a2800000|100%| O|  |TAMS 0x00000000a2700000, 0x00000000a2700000| Untracked 
|   6|0x00000000a2800000, 0x00000000a285b000, 0x00000000a2900000| 35%| O|  |TAMS 0x00000000a2800000, 0x00000000a2800000| Untracked 
|   7|0x00000000a2900000, 0x00000000a2900000, 0x00000000a2a00000|  0%| F|  |TAMS 0x00000000a2900000, 0x00000000a2900000| Untracked 
|   8|0x00000000a2a00000, 0x00000000a2a00000, 0x00000000a2b00000|  0%| F|  |TAMS 0x00000000a2a00000, 0x00000000a2a00000| Untracked 
|   9|0x00000000a2b00000, 0x00000000a2b00000, 0x00000000a2c00000|  0%| F|  |TAMS 0x00000000a2b00000, 0x00000000a2b00000| Untracked 
|  10|0x00000000a2c00000, 0x00000000a2c00000, 0x00000000a2d00000|  0%| F|  |TAMS 0x00000000a2c00000, 0x00000000a2c00000| Untracked 
|  11|0x00000000a2d00000, 0x00000000a2d00000, 0x00000000a2e00000|  0%| F|  |TAMS 0x00000000a2d00000, 0x00000000a2d00000| Untracked 
|  12|0x00000000a2e00000, 0x00000000a2e00000, 0x00000000a2f00000|  0%| F|  |TAMS 0x00000000a2e00000, 0x00000000a2e00000| Untracked 
|  13|0x00000000a2f00000, 0x00000000a2f00000, 0x00000000a3000000|  0%| F|  |TAMS 0x00000000a2f00000, 0x00000000a2f00000| Untracked 
|  14|0x00000000a3000000, 0x00000000a3000000, 0x00000000a3100000|  0%| F|  |TAMS 0x00000000a3000000, 0x00000000a3000000| Untracked 
|  15|0x00000000a3100000, 0x00000000a3100000, 0x00000000a3200000|  0%| F|  |TAMS 0x00000000a3100000, 0x00000000a3100000| Untracked 
|  16|0x00000000a3200000, 0x00000000a3200000, 0x00000000a3300000|  0%| F|  |TAMS 0x00000000a3200000, 0x00000000a3200000| Untracked 
|  17|0x00000000a3300000, 0x00000000a3300000, 0x00000000a3400000|  0%| F|  |TAMS 0x00000000a3300000, 0x00000000a3300000| Untracked 
|  18|0x00000000a3400000, 0x00000000a3400000, 0x00000000a3500000|  0%| F|  |TAMS 0x00000000a3400000, 0x00000000a3400000| Untracked 
|  19|0x00000000a3500000, 0x00000000a3500000, 0x00000000a3600000|  0%| F|  |TAMS 0x00000000a3500000, 0x00000000a3500000| Untracked 
|  20|0x00000000a3600000, 0x00000000a3600000, 0x00000000a3700000|  0%| F|  |TAMS 0x00000000a3600000, 0x00000000a3600000| Untracked 
|  21|0x00000000a3700000, 0x00000000a3700000, 0x00000000a3800000|  0%| F|  |TAMS 0x00000000a3700000, 0x00000000a3700000| Untracked 
|  22|0x00000000a3800000, 0x00000000a3800000, 0x00000000a3900000|  0%| F|  |TAMS 0x00000000a3800000, 0x00000000a3800000| Untracked 
|  23|0x00000000a3900000, 0x00000000a3900000, 0x00000000a3a00000|  0%| F|  |TAMS 0x00000000a3900000, 0x00000000a3900000| Untracked 
|  24|0x00000000a3a00000, 0x00000000a3a00000, 0x00000000a3b00000|  0%| F|  |TAMS 0x00000000a3a00000, 0x00000000a3a00000| Untracked 
|  25|0x00000000a3b00000, 0x00000000a3b00000, 0x00000000a3c00000|  0%| F|  |TAMS 0x00000000a3b00000, 0x00000000a3b00000| Untracked 
|  26|0x00000000a3c00000, 0x00000000a3c00000, 0x00000000a3d00000|  0%| F|  |TAMS 0x00000000a3c00000, 0x00000000a3c00000| Untracked 
|  27|0x00000000a3d00000, 0x00000000a3d00000, 0x00000000a3e00000|  0%| F|  |TAMS 0x00000000a3d00000, 0x00000000a3d00000| Untracked 
|  28|0x00000000a3e00000, 0x00000000a3e00000, 0x00000000a3f00000|  0%| F|  |TAMS 0x00000000a3e00000, 0x00000000a3e00000| Untracked 
|  29|0x00000000a3f00000, 0x00000000a3f00000, 0x00000000a4000000|  0%| F|  |TAMS 0x00000000a3f00000, 0x00000000a3f00000| Untracked 
|  30|0x00000000a4000000, 0x00000000a4000000, 0x00000000a4100000|  0%| F|  |TAMS 0x00000000a4000000, 0x00000000a4000000| Untracked 
|  31|0x00000000a4100000, 0x00000000a4100000, 0x00000000a4200000|  0%| F|  |TAMS 0x00000000a4100000, 0x00000000a4100000| Untracked 
|  32|0x00000000a4200000, 0x00000000a4200000, 0x00000000a4300000|  0%| F|  |TAMS 0x00000000a4200000, 0x00000000a4200000| Untracked 
|  33|0x00000000a4300000, 0x00000000a4300000, 0x00000000a4400000|  0%| F|  |TAMS 0x00000000a4300000, 0x00000000a4300000| Untracked 
|  34|0x00000000a4400000, 0x00000000a4400000, 0x00000000a4500000|  0%| F|  |TAMS 0x00000000a4400000, 0x00000000a4400000| Untracked 
|  35|0x00000000a4500000, 0x00000000a4500000, 0x00000000a4600000|  0%| F|  |TAMS 0x00000000a4500000, 0x00000000a4500000| Untracked 
|  36|0x00000000a4600000, 0x00000000a4600000, 0x00000000a4700000|  0%| F|  |TAMS 0x00000000a4600000, 0x00000000a4600000| Untracked 
|  37|0x00000000a4700000, 0x00000000a4700000, 0x00000000a4800000|  0%| F|  |TAMS 0x00000000a4700000, 0x00000000a4700000| Untracked 
|  38|0x00000000a4800000, 0x00000000a4800000, 0x00000000a4900000|  0%| F|  |TAMS 0x00000000a4800000, 0x00000000a4800000| Untracked 
|  39|0x00000000a4900000, 0x00000000a4900000, 0x00000000a4a00000|  0%| F|  |TAMS 0x00000000a4900000, 0x00000000a4900000| Untracked 
|  40|0x00000000a4a00000, 0x00000000a4a00000, 0x00000000a4b00000|  0%| F|  |TAMS 0x00000000a4a00000, 0x00000000a4a00000| Untracked 
|  41|0x00000000a4b00000, 0x00000000a4b00000, 0x00000000a4c00000|  0%| F|  |TAMS 0x00000000a4b00000, 0x00000000a4b00000| Untracked 
|  42|0x00000000a4c00000, 0x00000000a4c00000, 0x00000000a4d00000|  0%| F|  |TAMS 0x00000000a4c00000, 0x00000000a4c00000| Untracked 
|  43|0x00000000a4d00000, 0x00000000a4d00000, 0x00000000a4e00000|  0%| F|  |TAMS 0x00000000a4d00000, 0x00000000a4d00000| Untracked 
|  44|0x00000000a4e00000, 0x00000000a4e00000, 0x00000000a4f00000|  0%| F|  |TAMS 0x00000000a4e00000, 0x00000000a4e00000| Untracked 
|  45|0x00000000a4f00000, 0x00000000a4f00000, 0x00000000a5000000|  0%| F|  |TAMS 0x00000000a4f00000, 0x00000000a4f00000| Untracked 
|  46|0x00000000a5000000, 0x00000000a5000000, 0x00000000a5100000|  0%| F|  |TAMS 0x00000000a5000000, 0x00000000a5000000| Untracked 
|  47|0x00000000a5100000, 0x00000000a5100000, 0x00000000a5200000|  0%| F|  |TAMS 0x00000000a5100000, 0x00000000a5100000| Untracked 
|  48|0x00000000a5200000, 0x00000000a5200000, 0x00000000a5300000|  0%| F|  |TAMS 0x00000000a5200000, 0x00000000a5200000| Untracked 
|  49|0x00000000a5300000, 0x00000000a5300000, 0x00000000a5400000|  0%| F|  |TAMS 0x00000000a5300000, 0x00000000a5300000| Untracked 
|  50|0x00000000a5400000, 0x00000000a5400000, 0x00000000a5500000|  0%| F|  |TAMS 0x00000000a5400000, 0x00000000a5400000| Untracked 
|  51|0x00000000a5500000, 0x00000000a5500000, 0x00000000a5600000|  0%| F|  |TAMS 0x00000000a5500000, 0x00000000a5500000| Untracked 
|  52|0x00000000a5600000, 0x00000000a5600000, 0x00000000a5700000|  0%| F|  |TAMS 0x00000000a5600000, 0x00000000a5600000| Untracked 
|  53|0x00000000a5700000, 0x00000000a5700000, 0x00000000a5800000|  0%| F|  |TAMS 0x00000000a5700000, 0x00000000a5700000| Untracked 
|  54|0x00000000a5800000, 0x00000000a5800000, 0x00000000a5900000|  0%| F|  |TAMS 0x00000000a5800000, 0x00000000a5800000| Untracked 
|  55|0x00000000a5900000, 0x00000000a5900000, 0x00000000a5a00000|  0%| F|  |TAMS 0x00000000a5900000, 0x00000000a5900000| Untracked 
|  56|0x00000000a5a00000, 0x00000000a5a00000, 0x00000000a5b00000|  0%| F|  |TAMS 0x00000000a5a00000, 0x00000000a5a00000| Untracked 
|  57|0x00000000a5b00000, 0x00000000a5b00000, 0x00000000a5c00000|  0%| F|  |TAMS 0x00000000a5b00000, 0x00000000a5b00000| Untracked 
|  58|0x00000000a5c00000, 0x00000000a5c00000, 0x00000000a5d00000|  0%| F|  |TAMS 0x00000000a5c00000, 0x00000000a5c00000| Untracked 
|  59|0x00000000a5d00000, 0x00000000a5d00000, 0x00000000a5e00000|  0%| F|  |TAMS 0x00000000a5d00000, 0x00000000a5d00000| Untracked 
|  60|0x00000000a5e00000, 0x00000000a5e00000, 0x00000000a5f00000|  0%| F|  |TAMS 0x00000000a5e00000, 0x00000000a5e00000| Untracked 
|  61|0x00000000a5f00000, 0x00000000a5f00000, 0x00000000a6000000|  0%| F|  |TAMS 0x00000000a5f00000, 0x00000000a5f00000| Untracked 
|  62|0x00000000a6000000, 0x00000000a6000000, 0x00000000a6100000|  0%| F|  |TAMS 0x00000000a6000000, 0x00000000a6000000| Untracked 
|  63|0x00000000a6100000, 0x00000000a6100000, 0x00000000a6200000|  0%| F|  |TAMS 0x00000000a6100000, 0x00000000a6100000| Untracked 
|  64|0x00000000a6200000, 0x00000000a6200000, 0x00000000a6300000|  0%| F|  |TAMS 0x00000000a6200000, 0x00000000a6200000| Untracked 
|  65|0x00000000a6300000, 0x00000000a6300000, 0x00000000a6400000|  0%| F|  |TAMS 0x00000000a6300000, 0x00000000a6300000| Untracked 
|  66|0x00000000a6400000, 0x00000000a6400000, 0x00000000a6500000|  0%| F|  |TAMS 0x00000000a6400000, 0x00000000a6400000| Untracked 
|  67|0x00000000a6500000, 0x00000000a65dff60, 0x00000000a6600000| 87%| E|  |TAMS 0x00000000a6500000, 0x00000000a6500000| Complete 
|  68|0x00000000a6600000, 0x00000000a6700000, 0x00000000a6700000|100%| S|CS|TAMS 0x00000000a6600000, 0x00000000a6600000| Complete 
|  69|0x00000000a6700000, 0x00000000a6800000, 0x00000000a6800000|100%| S|CS|TAMS 0x00000000a6700000, 0x00000000a6700000| Complete 
|  70|0x00000000a6800000, 0x00000000a6900000, 0x00000000a6900000|100%| S|CS|TAMS 0x00000000a6800000, 0x00000000a6800000| Complete 
|  71|0x00000000a6900000, 0x00000000a6a00000, 0x00000000a6a00000|100%| E|CS|TAMS 0x00000000a6900000, 0x00000000a6900000| Complete 
|  72|0x00000000a6a00000, 0x00000000a6b00000, 0x00000000a6b00000|100%| E|CS|TAMS 0x00000000a6a00000, 0x00000000a6a00000| Complete 
|  73|0x00000000a6b00000, 0x00000000a6c00000, 0x00000000a6c00000|100%| E|CS|TAMS 0x00000000a6b00000, 0x00000000a6b00000| Complete 
|  74|0x00000000a6c00000, 0x00000000a6d00000, 0x00000000a6d00000|100%| E|CS|TAMS 0x00000000a6c00000, 0x00000000a6c00000| Complete 
|  75|0x00000000a6d00000, 0x00000000a6e00000, 0x00000000a6e00000|100%| E|CS|TAMS 0x00000000a6d00000, 0x00000000a6d00000| Complete 
|  76|0x00000000a6e00000, 0x00000000a6f00000, 0x00000000a6f00000|100%| E|CS|TAMS 0x00000000a6e00000, 0x00000000a6e00000| Complete 
|  77|0x00000000a6f00000, 0x00000000a7000000, 0x00000000a7000000|100%| E|CS|TAMS 0x00000000a6f00000, 0x00000000a6f00000| Complete 
|  78|0x00000000a7000000, 0x00000000a7100000, 0x00000000a7100000|100%| E|CS|TAMS 0x00000000a7000000, 0x00000000a7000000| Complete 
|  79|0x00000000a7100000, 0x00000000a7200000, 0x00000000a7200000|100%| E|CS|TAMS 0x00000000a7100000, 0x00000000a7100000| Complete 
|  80|0x00000000a7200000, 0x00000000a7300000, 0x00000000a7300000|100%| E|CS|TAMS 0x00000000a7200000, 0x00000000a7200000| Complete 
|  81|0x00000000a7300000, 0x00000000a7400000, 0x00000000a7400000|100%| E|CS|TAMS 0x00000000a7300000, 0x00000000a7300000| Complete 
|  82|0x00000000a7400000, 0x00000000a7500000, 0x00000000a7500000|100%| E|CS|TAMS 0x00000000a7400000, 0x00000000a7400000| Complete 
|  83|0x00000000a7500000, 0x00000000a7600000, 0x00000000a7600000|100%| E|CS|TAMS 0x00000000a7500000, 0x00000000a7500000| Complete 
|  84|0x00000000a7600000, 0x00000000a7700000, 0x00000000a7700000|100%| E|CS|TAMS 0x00000000a7600000, 0x00000000a7600000| Complete 
|  85|0x00000000a7700000, 0x00000000a7800000, 0x00000000a7800000|100%| E|CS|TAMS 0x00000000a7700000, 0x00000000a7700000| Complete 
|  86|0x00000000a7800000, 0x00000000a7900000, 0x00000000a7900000|100%| E|CS|TAMS 0x00000000a7800000, 0x00000000a7800000| Complete 
|  87|0x00000000a7900000, 0x00000000a7a00000, 0x00000000a7a00000|100%| E|CS|TAMS 0x00000000a7900000, 0x00000000a7900000| Complete 
|  88|0x00000000a7a00000, 0x00000000a7b00000, 0x00000000a7b00000|100%| E|CS|TAMS 0x00000000a7a00000, 0x00000000a7a00000| Complete 
|  89|0x00000000a7b00000, 0x00000000a7c00000, 0x00000000a7c00000|100%| E|CS|TAMS 0x00000000a7b00000, 0x00000000a7b00000| Complete 
|  90|0x00000000a7c00000, 0x00000000a7d00000, 0x00000000a7d00000|100%| E|CS|TAMS 0x00000000a7c00000, 0x00000000a7c00000| Complete 
|  91|0x00000000a7d00000, 0x00000000a7e00000, 0x00000000a7e00000|100%| E|CS|TAMS 0x00000000a7d00000, 0x00000000a7d00000| Complete 
|  92|0x00000000a7e00000, 0x00000000a7f00000, 0x00000000a7f00000|100%| E|CS|TAMS 0x00000000a7e00000, 0x00000000a7e00000| Complete 
|  93|0x00000000a7f00000, 0x00000000a8000000, 0x00000000a8000000|100%| E|CS|TAMS 0x00000000a7f00000, 0x00000000a7f00000| Complete 

Card table byte_map: [0x000002b580ea0000,0x000002b581190000] _byte_map_base: 0x000002b58098f000

Marking Bits (Prev, Next): (CMBitMap*) 0x000002b5e7bb9700, (CMBitMap*) 0x000002b5e7bb9740
 Prev Bits: [0x000002b581480000, 0x000002b582bf8000)
 Next Bits: [0x000002b582c00000, 0x000002b584378000)

Polling page: 0x000002b5e7c20000

Metaspace:

Usage:
  Non-class:      8.31 MB used.
      Class:      1.21 MB used.
       Both:      9.51 MB used.

Virtual space:
  Non-class space:       64.00 MB reserved,       8.44 MB ( 13%) committed,  1 nodes.
      Class space:        1.00 GB reserved,       1.38 MB ( <1%) committed,  1 nodes.
             Both:        1.06 GB reserved,       9.81 MB ( <1%) committed. 

Chunk freelists:
   Non-Class:  7.35 MB
       Class:  14.60 MB
        Both:  21.95 MB

MaxMetaspaceSize: unlimited
CompressedClassSpaceSize: 1.00 GB
Initial GC threshold: 21.00 MB
Current GC threshold: 21.00 MB
CDS: on
MetaspaceReclaimPolicy: balanced
 - commit_granule_bytes: 65536.
 - commit_granule_words: 8192.
 - virtual_space_node_default_size: 8388608.
 - enlarge_chunks_in_place: 1.
 - new_chunks_are_fully_committed: 0.
 - uncommit_free_chunks: 1.
 - use_allocation_guard: 0.
 - handle_deallocations: 1.


Internal statistics:

num_allocs_failed_limit: 0.
num_arena_births: 216.
num_arena_deaths: 0.
num_vsnodes_births: 2.
num_vsnodes_deaths: 0.
num_space_committed: 157.
num_space_uncommitted: 0.
num_chunks_returned_to_freelist: 0.
num_chunks_taken_from_freelist: 522.
num_chunk_merges: 0.
num_chunk_splits: 318.
num_chunks_enlarged: 225.
num_purges: 0.
num_inconsistent_stats: 0.

CodeHeap 'non-profiled nmethods': size=119168Kb used=659Kb max_used=659Kb free=118508Kb
 bounds [0x000002b5f8770000, 0x000002b5f89e0000, 0x000002b5ffbd0000]
CodeHeap 'profiled nmethods': size=119104Kb used=3656Kb max_used=3656Kb free=115447Kb
 bounds [0x000002b5f0bd0000, 0x000002b5f0f70000, 0x000002b5f8020000]
CodeHeap 'non-nmethods': size=7488Kb used=1164Kb max_used=1181Kb free=6323Kb
 bounds [0x000002b5f8020000, 0x000002b5f8290000, 0x000002b5f8770000]
 total_blobs=2359 nmethods=1909 adapters=362
 compilation: enabled
              stopped_count=0, restarted_count=0
 full_count=0

Compilation events (20 events):
Event: 2.379 Thread 0x000002b5873ac8a0 nmethod 1834 0x000002b5f0f34f10 code [0x000002b5f0f350e0, 0x000002b5f0f35678]
Event: 2.383 Thread 0x000002b5873ac8a0 1836       3       sun.invoke.util.BytecodeDescriptor::unparseMethod (66 bytes)
Event: 2.383 Thread 0x000002b5873ac8a0 nmethod 1836 0x000002b5f0f35790 code [0x000002b5f0f359c0, 0x000002b5f0f36048]
Event: 2.383 Thread 0x000002b5873ac8a0 1838       3       jdk.internal.org.objectweb.asm.Type::getArgumentTypes (154 bytes)
Event: 2.386 Thread 0x000002b5873ac8a0 nmethod 1838 0x000002b5f0f36310 code [0x000002b5f0f367e0, 0x000002b5f0f39088]
Event: 2.386 Thread 0x000002b5873ac8a0 1839       3       java.util.concurrent.ConcurrentHashMap$BaseIterator::<init> (21 bytes)
Event: 2.386 Thread 0x000002b5873ac8a0 nmethod 1839 0x000002b5f0f39f90 code [0x000002b5f0f3a140, 0x000002b5f0f3a318]
Event: 2.386 Thread 0x000002b5873ac8a0 1840       3       org.springframework.boot.logging.logback.LogbackLoggingSystem$1::decide (4 bytes)
Event: 2.386 Thread 0x000002b5873ac8a0 nmethod 1840 0x000002b5f0f3a410 code [0x000002b5f0f3a5a0, 0x000002b5f0f3a6b8]
Event: 2.386 Thread 0x000002b5873ac8a0 1841       3       java.util.LinkedHashMap$LinkedEntryIterator::next (5 bytes)
Event: 2.386 Thread 0x000002b5873ac8a0 nmethod 1841 0x000002b5f0f3a790 code [0x000002b5f0f3a940, 0x000002b5f0f3aac8]
Event: 2.386 Thread 0x000002b5873ac8a0 1842       3       java.util.LinkedHashMap$LinkedEntryIterator::next (5 bytes)
Event: 2.386 Thread 0x000002b5873ac8a0 nmethod 1842 0x000002b5f0f3ab90 code [0x000002b5f0f3ad20, 0x000002b5f0f3ae68]
Event: 2.386 Thread 0x000002b5873ac8a0 1844       3       org.springframework.boot.context.properties.source.SpringIterableConfigurationPropertySource::getMappings (23 bytes)
Event: 2.387 Thread 0x000002b5873ac8a0 nmethod 1844 0x000002b5f0f3af10 code [0x000002b5f0f3b180, 0x000002b5f0f3bce8]
Event: 2.387 Thread 0x000002b5873ac8a0 1845       3       org.springframework.boot.context.properties.source.SpringIterableConfigurationPropertySource$$Lambda$119/0x000002b5890b65f8::<init> (10 bytes)
Event: 2.387 Thread 0x000002b5873ac8a0 nmethod 1845 0x000002b5f0f3c090 code [0x000002b5f0f3c220, 0x000002b5f0f3c3d8]
Event: 2.387 Thread 0x000002b5873ac8a0 1846       3       org.springframework.boot.context.properties.source.SpringIterableConfigurationPropertySource$$Lambda$120/0x000002b5890b6818::<init> (10 bytes)
Event: 2.387 Thread 0x000002b5873ac8a0 nmethod 1846 0x000002b5f0f3c490 code [0x000002b5f0f3c620, 0x000002b5f0f3c7d8]
Event: 2.387 Thread 0x000002b5873ac8a0 1847       3       org.springframework.boot.context.properties.source.SoftReferenceConfigurationPropertyCache::get (67 bytes)

GC Heap History (2 events):
Event: 1.181 GC heap before
{Heap before GC invocations=0 (full 0):
 garbage-first heap   total 96256K, used 25600K [0x00000000a2200000, 0x0000000100000000)
  region size 1024K, 23 young (23552K), 0 survivors (0K)
 Metaspace       used 4851K, committed 5056K, reserved 1114112K
  class space    used 538K, committed 640K, reserved 1048576K
}
Event: 1.197 GC heap after
{Heap after GC invocations=1 (full 0):
 garbage-first heap   total 96256K, used 8556K [0x00000000a2200000, 0x0000000100000000)
  region size 1024K, 3 young (3072K), 3 survivors (3072K)
 Metaspace       used 4851K, committed 5056K, reserved 1114112K
  class space    used 538K, committed 640K, reserved 1048576K
}

Deoptimization events (20 events):
Event: 2.271 Thread 0x000002b5cd3a0610 Uncommon trap: trap_request=0xffffff45 fr.pc=0x000002b5f87813b8 relative=0x0000000000000038
Event: 2.271 Thread 0x000002b5cd3a0610 Uncommon trap: reason=unstable_if action=reinterpret pc=0x000002b5f87813b8 method=java.lang.StringLatin1.canEncode(I)Z @ 4 c2
Event: 2.271 Thread 0x000002b5cd3a0610 DEOPT PACKING pc=0x000002b5f87813b8 sp=0x000000f399afc8e0
Event: 2.271 Thread 0x000002b5cd3a0610 DEOPT UNPACKING pc=0x000002b5f80723a3 sp=0x000000f399afc870 mode 2
Event: 2.298 Thread 0x000002b5cd3a0610 Uncommon trap: trap_request=0xffffffde fr.pc=0x000002b5f880cdac relative=0x000000000000010c
Event: 2.298 Thread 0x000002b5cd3a0610 Uncommon trap: reason=class_check action=maybe_recompile pc=0x000002b5f880cdac method=jdk.internal.misc.Unsafe.allocateUninitializedArray(Ljava/lang/Class;I)Ljava/lang/Object; @ 51 c2
Event: 2.298 Thread 0x000002b5cd3a0610 DEOPT PACKING pc=0x000002b5f880cdac sp=0x000000f399afc2e0
Event: 2.298 Thread 0x000002b5cd3a0610 DEOPT UNPACKING pc=0x000002b5f80723a3 sp=0x000000f399afc268 mode 2
Event: 2.299 Thread 0x000002b5cd3a0610 Uncommon trap: trap_request=0xffffffde fr.pc=0x000002b5f880cdac relative=0x000000000000010c
Event: 2.299 Thread 0x000002b5cd3a0610 Uncommon trap: reason=class_check action=maybe_recompile pc=0x000002b5f880cdac method=jdk.internal.misc.Unsafe.allocateUninitializedArray(Ljava/lang/Class;I)Ljava/lang/Object; @ 51 c2
Event: 2.299 Thread 0x000002b5cd3a0610 DEOPT PACKING pc=0x000002b5f880cdac sp=0x000000f399afbee0
Event: 2.299 Thread 0x000002b5cd3a0610 DEOPT UNPACKING pc=0x000002b5f80723a3 sp=0x000000f399afbe68 mode 2
Event: 2.301 Thread 0x000002b5cd3a0610 Uncommon trap: trap_request=0xffffffde fr.pc=0x000002b5f880cdac relative=0x000000000000010c
Event: 2.301 Thread 0x000002b5cd3a0610 Uncommon trap: reason=class_check action=maybe_recompile pc=0x000002b5f880cdac method=jdk.internal.misc.Unsafe.allocateUninitializedArray(Ljava/lang/Class;I)Ljava/lang/Object; @ 51 c2
Event: 2.301 Thread 0x000002b5cd3a0610 DEOPT PACKING pc=0x000002b5f880cdac sp=0x000000f399afc030
Event: 2.301 Thread 0x000002b5cd3a0610 DEOPT UNPACKING pc=0x000002b5f80723a3 sp=0x000000f399afbfb8 mode 2
Event: 2.301 Thread 0x000002b5cd3a0610 Uncommon trap: trap_request=0xffffffde fr.pc=0x000002b5f880cdac relative=0x000000000000010c
Event: 2.301 Thread 0x000002b5cd3a0610 Uncommon trap: reason=class_check action=maybe_recompile pc=0x000002b5f880cdac method=jdk.internal.misc.Unsafe.allocateUninitializedArray(Ljava/lang/Class;I)Ljava/lang/Object; @ 51 c2
Event: 2.301 Thread 0x000002b5cd3a0610 DEOPT PACKING pc=0x000002b5f880cdac sp=0x000000f399afbc30
Event: 2.301 Thread 0x000002b5cd3a0610 DEOPT UNPACKING pc=0x000002b5f80723a3 sp=0x000000f399afbbb8 mode 2

Classes unloaded (0 events):
No events

Classes redefined (0 events):
No events

Internal exceptions (20 events):
Event: 1.743 Thread 0x000002b5cd3a0610 Exception <a 'java/lang/NoSuchMethodError'{0x00000000a73e0b78}: 'void java.lang.invoke.DelegatingMethodHandle$Holder.delegate(java.lang.Object, java.lang.Object, int, java.lang.Object)'> (0x00000000a73e0b78) 
thrown [s\open\src\hotspot\share\interpreter\linkResolver.cpp, line 759]
Event: 2.091 Thread 0x000002b5cd3a0610 Exception <a 'java/lang/NoSuchMethodError'{0x00000000a7145f78}: 'void java.lang.invoke.DirectMethodHandle$Holder.invokeStaticInit(java.lang.Object, java.lang.Object)'> (0x00000000a7145f78) 
thrown [s\open\src\hotspot\share\interpreter\linkResolver.cpp, line 759]
Event: 2.112 Thread 0x000002b5cd3a0610 Exception <a 'java/lang/NoSuchMethodError'{0x00000000a71d6338}: 'java.lang.Object java.lang.invoke.DirectMethodHandle$Holder.invokeSpecial(java.lang.Object, java.lang.Object, java.lang.Object, java.lang.Object, java.lang.Object, java.lang.Object, int)'> (0x00000000a71d6338) 
thrown [s\open\src\hotspot\share\interpreter\linkResolver.cpp, line 759]
Event: 2.114 Thread 0x000002b5cd3a0610 Exception <a 'java/lang/NoSuchMethodError'{0x00000000a71e08a0}: 'java.lang.Object java.lang.invoke.DirectMethodHandle$Holder.newInvokeSpecial(java.lang.Object, java.lang.Object, java.lang.Object, java.lang.Object, java.lang.Object, java.lang.Object, int)'> (0x00000000a71e08a0) 
thrown [s\open\src\hotspot\share\interpreter\linkResolver.cpp, line 759]
Event: 2.114 Thread 0x000002b5cd3a0610 Exception <a 'java/lang/NoSuchMethodError'{0x00000000a71e58e0}: 'java.lang.Object java.lang.invoke.DirectMethodHandle$Holder.invokeSpecial(java.lang.Object, java.lang.Object, java.lang.Object, java.lang.Object, java.lang.Object, java.lang.Object, java.lang.Object, int)'> (0x00000000a71e58e0) 
thrown [s\open\src\hotspot\share\interpreter\linkResolver.cpp, line 759]
Event: 2.155 Thread 0x000002b5cd3a0610 Exception <a 'java/lang/NoSuchMethodError'{0x00000000a6f26990}: 'int java.lang.invoke.DirectMethodHandle$Holder.invokeInterface(java.lang.Object, java.lang.Object)'> (0x00000000a6f26990) 
thrown [s\open\src\hotspot\share\interpreter\linkResolver.cpp, line 759]
Event: 2.178 Thread 0x000002b5cd3a0610 Exception <a 'java/lang/NoSuchMethodError'{0x00000000a6fbbbb0}: 'void java.lang.invoke.DirectMethodHandle$Holder.invokeSpecial(java.lang.Object, java.lang.Object, java.lang.Object, java.lang.Object, java.lang.Object)'> (0x00000000a6fbbbb0) 
thrown [s\open\src\hotspot\share\interpreter\linkResolver.cpp, line 759]
Event: 2.292 Thread 0x000002b5cd3a0610 Exception <a 'java/lang/NoSuchMethodError'{0x00000000a6df8228}: 'void java.lang.invoke.DirectMethodHandle$Holder.invokeSpecial(java.lang.Object, java.lang.Object, java.lang.Object, java.lang.Object, java.lang.Object, java.lang.Object)'> (0x00000000a6df8228) 
thrown [s\open\src\hotspot\share\interpreter\linkResolver.cpp, line 759]
Event: 2.309 Thread 0x000002b5cd3a0610 Exception <a 'java/lang/NoSuchMethodError'{0x00000000a6c6f520}: 'java.lang.Object java.lang.invoke.DirectMethodHandle$Holder.invokeSpecial(java.lang.Object, java.lang.Object, java.lang.Object, int, java.lang.Object)'> (0x00000000a6c6f520) 
thrown [s\open\src\hotspot\share\interpreter\linkResolver.cpp, line 759]
Event: 2.310 Thread 0x000002b5cd3a0610 Exception <a 'java/lang/NoSuchMethodError'{0x00000000a6c77a88}: 'java.lang.Object java.lang.invoke.DirectMethodHandle$Holder.newInvokeSpecial(java.lang.Object, java.lang.Object, java.lang.Object, int, java.lang.Object)'> (0x00000000a6c77a88) 
thrown [s\open\src\hotspot\share\interpreter\linkResolver.cpp, line 759]
Event: 2.311 Thread 0x000002b5cd3a0610 Exception <a 'java/lang/NoSuchMethodError'{0x00000000a6c7f458}: 'java.lang.Object java.lang.invoke.Invokers$Holder.linkToTargetMethod(java.lang.Object, java.lang.Object, int, java.lang.Object, java.lang.Object)'> (0x00000000a6c7f458) 
thrown [s\open\src\hotspot\share\interpreter\linkResolver.cpp, line 759]
Event: 2.313 Thread 0x000002b5cd3a0610 Exception <a 'java/lang/NoSuchMethodError'{0x00000000a6c90640}: 'java.lang.Object java.lang.invoke.DirectMethodHandle$Holder.newInvokeSpecial(java.lang.Object, int, java.lang.Object)'> (0x00000000a6c90640) 
thrown [s\open\src\hotspot\share\interpreter\linkResolver.cpp, line 759]
Event: 2.314 Thread 0x000002b5cd3a0610 Exception <a 'java/lang/NoSuchMethodError'{0x00000000a6c95110}: 'int java.lang.invoke.DirectMethodHandle$Holder.invokeSpecialIFC(java.lang.Object, java.lang.Object, java.lang.Object, java.lang.Object)'> (0x00000000a6c95110) 
thrown [s\open\src\hotspot\share\interpreter\linkResolver.cpp, line 759]
Event: 2.332 Thread 0x000002b5cd3a0610 Exception <a 'java/lang/NoSuchMethodError'{0x00000000a6b58630}: 'void java.lang.invoke.DirectMethodHandle$Holder.invokeInterface(java.lang.Object, java.lang.Object, java.lang.Object)'> (0x00000000a6b58630) 
thrown [s\open\src\hotspot\share\interpreter\linkResolver.cpp, line 759]
Event: 2.369 Thread 0x000002b5cd3a0610 Exception <a 'java/lang/NoSuchMethodError'{0x00000000a6a4ad70}: 'void java.lang.invoke.DirectMethodHandle$Holder.invokeStaticInit(java.lang.Object, java.lang.Object, java.lang.Object)'> (0x00000000a6a4ad70) 
thrown [s\open\src\hotspot\share\interpreter\linkResolver.cpp, line 759]
Event: 2.374 Thread 0x000002b5cd3a0610 Exception <a 'java/lang/NoSuchMethodError'{0x00000000a6a6dfc8}: 'java.lang.Object java.lang.invoke.DirectMethodHandle$Holder.invokeVirtual(java.lang.Object, java.lang.Object, java.lang.Object)'> (0x00000000a6a6dfc8) 
thrown [s\open\src\hotspot\share\interpreter\linkResolver.cpp, line 759]
Event: 2.382 Thread 0x000002b5cd3a0610 Exception <a 'java/lang/NoSuchMethodError'{0x00000000a6a933e0}: 'java.lang.Object java.lang.invoke.DirectMethodHandle$Holder.invokeStatic(java.lang.Object, java.lang.Object, long, java.lang.Object)'> (0x00000000a6a933e0) 
thrown [s\open\src\hotspot\share\interpreter\linkResolver.cpp, line 759]
Event: 2.382 Thread 0x000002b5cd3a0610 Exception <a 'java/lang/NoSuchMethodError'{0x00000000a6a96e78}: 'java.lang.Object java.lang.invoke.DirectMethodHandle$Holder.invokeStaticInit(java.lang.Object, java.lang.Object, long, java.lang.Object)'> (0x00000000a6a96e78) 
thrown [s\open\src\hotspot\share\interpreter\linkResolver.cpp, line 759]
Event: 2.383 Thread 0x000002b5cd3a0610 Exception <a 'java/lang/NoSuchMethodError'{0x00000000a6a9d1a8}: 'java.lang.Object java.lang.invoke.DirectMethodHandle$Holder.newInvokeSpecial(java.lang.Object, java.lang.Object, long)'> (0x00000000a6a9d1a8) 
thrown [s\open\src\hotspot\share\interpreter\linkResolver.cpp, line 759]
Event: 2.384 Thread 0x000002b5cd3a0610 Exception <a 'java/lang/NoSuchMethodError'{0x00000000a6aa0d18}: 'java.lang.Object java.lang.invoke.Invokers$Holder.linkToTargetMethod(java.lang.Object, long, java.lang.Object)'> (0x00000000a6aa0d18) 
thrown [s\open\src\hotspot\share\interpreter\linkResolver.cpp, line 759]

VM Operations (20 events):
Event: 0.501 Executing VM operation: HandshakeAllThreads
Event: 0.501 Executing VM operation: HandshakeAllThreads done
Event: 0.537 Executing VM operation: HandshakeAllThreads
Event: 0.537 Executing VM operation: HandshakeAllThreads done
Event: 0.551 Executing VM operation: HandshakeAllThreads
Event: 0.551 Executing VM operation: HandshakeAllThreads done
Event: 0.629 Executing VM operation: HandshakeAllThreads
Event: 0.629 Executing VM operation: HandshakeAllThreads done
Event: 0.738 Executing VM operation: HandshakeAllThreads
Event: 0.738 Executing VM operation: HandshakeAllThreads done
Event: 1.179 Executing VM operation: G1CollectForAllocation
Event: 1.197 Executing VM operation: G1CollectForAllocation done
Event: 1.454 Executing VM operation: HandshakeAllThreads
Event: 1.454 Executing VM operation: HandshakeAllThreads done
Event: 1.741 Executing VM operation: HandshakeAllThreads
Event: 1.741 Executing VM operation: HandshakeAllThreads done
Event: 1.775 Executing VM operation: HandshakeAllThreads
Event: 1.775 Executing VM operation: HandshakeAllThreads done
Event: 2.326 Executing VM operation: ICBufferFull
Event: 2.326 Executing VM operation: ICBufferFull done

Events (20 events):
Event: 2.355 loading class java/lang/invoke/DirectMethodHandle$Special
Event: 2.355 loading class java/lang/invoke/DirectMethodHandle$Special done
Event: 2.376 loading class java/util/concurrent/ConcurrentLinkedDeque$Itr
Event: 2.376 loading class java/util/concurrent/ConcurrentLinkedDeque$AbstractItr
Event: 2.377 loading class java/util/concurrent/ConcurrentLinkedDeque$AbstractItr done
Event: 2.377 loading class java/util/concurrent/ConcurrentLinkedDeque$Itr done
Event: 2.380 loading class java/nio/file/attribute/PosixFilePermission
Event: 2.380 loading class java/nio/file/attribute/PosixFilePermission done
Event: 2.380 loading class java/lang/ProcessHandle
Event: 2.380 loading class java/lang/ProcessHandle done
Event: 2.380 loading class java/lang/ProcessHandleImpl
Event: 2.381 loading class java/lang/ProcessHandleImpl done
Event: 2.384 loading class java/util/concurrent/SynchronousQueue
Event: 2.384 loading class java/util/concurrent/SynchronousQueue done
Event: 2.385 loading class java/util/concurrent/SynchronousQueue$TransferStack
Event: 2.385 loading class java/util/concurrent/SynchronousQueue$Transferer
Event: 2.385 loading class java/util/concurrent/SynchronousQueue$Transferer done
Event: 2.385 loading class java/util/concurrent/SynchronousQueue$TransferStack done
Event: 2.385 loading class java/util/concurrent/SynchronousQueue$TransferStack$SNode
Event: 2.385 loading class java/util/concurrent/SynchronousQueue$TransferStack$SNode done


Dynamic libraries:
0x00007ff6d45f0000 - 0x00007ff6d4600000 	C:\Program Files\Java\jdk-17\bin\java.exe
0x00007ffede050000 - 0x00007ffede267000 	C:\WINDOWS\SYSTEM32\ntdll.dll
0x00007ffea3650000 - 0x00007ffea3669000 	C:\Program Files\Avast Software\Avast\aswhook.dll
0x00007ffedd8e0000 - 0x00007ffedd9a4000 	C:\WINDOWS\System32\KERNEL32.DLL
0x00007ffedb760000 - 0x00007ffedbb06000 	C:\WINDOWS\System32\KERNELBASE.dll
0x00007ffedb400000 - 0x00007ffedb511000 	C:\WINDOWS\System32\ucrtbase.dll
0x00007ffed8010000 - 0x00007ffed802b000 	C:\Program Files\Java\jdk-17\bin\VCRUNTIME140.dll
0x00007ffed7c20000 - 0x00007ffed7c39000 	C:\Program Files\Java\jdk-17\bin\jli.dll
0x00007ffeddf10000 - 0x00007ffeddfc3000 	C:\WINDOWS\System32\ADVAPI32.dll
0x00007ffeddd40000 - 0x00007ffeddde7000 	C:\WINDOWS\System32\msvcrt.dll
0x00007ffedd5c0000 - 0x00007ffedd668000 	C:\WINDOWS\System32\sechost.dll
0x00007ffedb5e0000 - 0x00007ffedb608000 	C:\WINDOWS\System32\bcrypt.dll
0x00007ffedd7c0000 - 0x00007ffedd8d7000 	C:\WINDOWS\System32\RPCRT4.dll
0x00007ffedcc00000 - 0x00007ffedcdae000 	C:\WINDOWS\System32\USER32.dll
0x00007ffedb610000 - 0x00007ffedb636000 	C:\WINDOWS\System32\win32u.dll
0x00007ffeddfe0000 - 0x00007ffede009000 	C:\WINDOWS\System32\GDI32.dll
0x00007ffec3880000 - 0x00007ffec3b13000 	C:\WINDOWS\WinSxS\amd64_microsoft.windows.common-controls_6595b64144ccf1df_6.0.22621.2506_none_270c5ae97388e100\COMCTL32.dll
0x00007ffedbb10000 - 0x00007ffedbc28000 	C:\WINDOWS\System32\gdi32full.dll
0x00007ffedb640000 - 0x00007ffedb6da000 	C:\WINDOWS\System32\msvcp_win.dll
0x00007ffed1280000 - 0x00007ffed128a000 	C:\WINDOWS\SYSTEM32\VERSION.dll
0x00007ffeddb10000 - 0x00007ffeddb41000 	C:\WINDOWS\System32\IMM32.DLL
0x00007ffed8000000 - 0x00007ffed800c000 	C:\Program Files\Java\jdk-17\bin\vcruntime140_1.dll
0x00007ffe87fc0000 - 0x00007ffe8804e000 	C:\Program Files\Java\jdk-17\bin\msvcp140.dll
0x00007ffe5ef70000 - 0x00007ffe5fb4e000 	C:\Program Files\Java\jdk-17\bin\server\jvm.dll
0x00007ffedd7b0000 - 0x00007ffedd7b8000 	C:\WINDOWS\System32\PSAPI.DLL
0x00007ffed2f70000 - 0x00007ffed2fa4000 	C:\WINDOWS\SYSTEM32\WINMM.dll
0x00007ffeca1c0000 - 0x00007ffeca1c9000 	C:\WINDOWS\SYSTEM32\WSOCK32.dll
0x00007ffedcb80000 - 0x00007ffedcbf1000 	C:\WINDOWS\System32\WS2_32.dll
0x00007ffeda3a0000 - 0x00007ffeda3b8000 	C:\WINDOWS\SYSTEM32\kernel.appcore.dll
0x00007ffed7c10000 - 0x00007ffed7c1a000 	C:\Program Files\Java\jdk-17\bin\jimage.dll
0x00007ffed8da0000 - 0x00007ffed8fd3000 	C:\WINDOWS\SYSTEM32\DBGHELP.DLL
0x00007ffedcfe0000 - 0x00007ffedd369000 	C:\WINDOWS\System32\combase.dll
0x00007ffedd670000 - 0x00007ffedd747000 	C:\WINDOWS\System32\OLEAUT32.dll
0x00007ffecfe30000 - 0x00007ffecfe62000 	C:\WINDOWS\SYSTEM32\dbgcore.DLL
0x00007ffedb6e0000 - 0x00007ffedb75a000 	C:\WINDOWS\System32\bcryptPrimitives.dll
0x00007ffec76a0000 - 0x00007ffec76ae000 	C:\Program Files\Java\jdk-17\bin\instrument.dll
0x00007ffeca1f0000 - 0x00007ffeca215000 	C:\Program Files\Java\jdk-17\bin\java.dll
0x00007ffe81770000 - 0x00007ffe81847000 	C:\Program Files\Java\jdk-17\bin\jsvml.dll
0x00007ffedbe40000 - 0x00007ffedc69b000 	C:\WINDOWS\System32\SHELL32.dll
0x00007ffed92a0000 - 0x00007ffed9b96000 	C:\WINDOWS\SYSTEM32\windows.storage.dll
0x00007ffed9160000 - 0x00007ffed929e000 	C:\WINDOWS\SYSTEM32\wintypes.dll
0x00007ffedddf0000 - 0x00007ffeddee3000 	C:\WINDOWS\System32\SHCORE.dll
0x00007ffedd750000 - 0x00007ffedd7ae000 	C:\WINDOWS\System32\shlwapi.dll
0x00007ffedb2c0000 - 0x00007ffedb2e6000 	C:\WINDOWS\SYSTEM32\profapi.dll
0x00007ffec9340000 - 0x00007ffec9358000 	C:\Program Files\Java\jdk-17\bin\zip.dll
0x00007ffec9380000 - 0x00007ffec9399000 	C:\Program Files\Java\jdk-17\bin\net.dll
0x00007ffed3ec0000 - 0x00007ffed3ff7000 	C:\WINDOWS\SYSTEM32\WINHTTP.dll
0x00007ffeda810000 - 0x00007ffeda879000 	C:\WINDOWS\system32\mswsock.dll
0x00007ffec9360000 - 0x00007ffec9376000 	C:\Program Files\Java\jdk-17\bin\nio.dll
0x00007ffec7680000 - 0x00007ffec769a000 	C:\Program Files\JetBrains\IntelliJ IDEA Educational Edition 2022.2.2\bin\breakgen64.dll
0x00007ffed33f0000 - 0x00007ffed33fa000 	C:\Program Files\Java\jdk-17\bin\management.dll
0x00007ffed33e0000 - 0x00007ffed33eb000 	C:\Program Files\Java\jdk-17\bin\management_ext.dll
0x00007ffed9e40000 - 0x00007ffed9e6d000 	C:\WINDOWS\SYSTEM32\IPHLPAPI.DLL
0x00007ffedd3f0000 - 0x00007ffedd3f9000 	C:\WINDOWS\System32\NSI.dll
0x00007ffed4300000 - 0x00007ffed4319000 	C:\WINDOWS\SYSTEM32\dhcpcsvc6.DLL
0x00007ffed39f0000 - 0x00007ffed3a0f000 	C:\WINDOWS\SYSTEM32\dhcpcsvc.DLL
0x00007ffed9ec0000 - 0x00007ffed9fb9000 	C:\WINDOWS\SYSTEM32\DNSAPI.dll
0x00007ffed4dd0000 - 0x00007ffed4dda000 	C:\Windows\System32\rasadhlp.dll
0x00007ffed2280000 - 0x00007ffed2303000 	C:\WINDOWS\System32\fwpuclnt.dll

dbghelp: loaded successfully - version: 4.0.5 - missing functions: none
symbol engine: initialized successfully - sym options: 0x614 - pdb path: .;C:\Program Files\Java\jdk-17\bin;C:\WINDOWS\SYSTEM32;C:\Program Files\Avast Software\Avast;C:\WINDOWS\WinSxS\amd64_microsoft.windows.common-controls_6595b64144ccf1df_6.0.22621.2506_none_270c5ae97388e100;C:\Program Files\Java\jdk-17\bin\server;C:\Program Files\JetBrains\IntelliJ IDEA Educational Edition 2022.2.2\bin

VM Arguments:
jvm_args: -javaagent:C:\Program Files\JetBrains\IntelliJ IDEA Educational Edition 2022.2.2\lib\idea_rt.jar=60884:C:\Program Files\JetBrains\IntelliJ IDEA Educational Edition 2022.2.2\bin -Dfile.encoding=UTF-8 
java_command: com.lira.msavaliadorcredito.MsavaliadorcreditoApplication
java_class_path (initial): C:\Workspace\eureka\msavaliadorcredito\target\classes;C:\Users\Zelto Lira\.m2\repository\org\springframework\boot\spring-boot-starter-web\3.2.3\spring-boot-starter-web-3.2.3.jar;C:\Users\Zelto Lira\.m2\repository\org\springframework\boot\spring-boot-starter\3.2.3\spring-boot-starter-3.2.3.jar;C:\Users\Zelto Lira\.m2\repository\org\springframework\boot\spring-boot-starter-logging\3.2.3\spring-boot-starter-logging-3.2.3.jar;C:\Users\Zelto Lira\.m2\repository\ch\qos\logback\logback-classic\1.4.14\logback-classic-1.4.14.jar;C:\Users\Zelto Lira\.m2\repository\ch\qos\logback\logback-core\1.4.14\logback-core-1.4.14.jar;C:\Users\Zelto Lira\.m2\repository\org\apache\logging\log4j\log4j-to-slf4j\2.21.1\log4j-to-slf4j-2.21.1.jar;C:\Users\Zelto Lira\.m2\repository\org\apache\logging\log4j\log4j-api\2.21.1\log4j-api-2.21.1.jar;C:\Users\Zelto Lira\.m2\repository\org\slf4j\jul-to-slf4j\2.0.12\jul-to-slf4j-2.0.12.jar;C:\Users\Zelto Lira\.m2\repository\jakarta\annotation\jakarta.annotation-api\2.1.1\jakarta.annotation-api-2.1.1.jar;C:\Users\Zelto Lira\.m2\repository\org\yaml\snakeyaml\2.2\snakeyaml-2.2.jar;C:\Users\Zelto Lira\.m2\repository\org\springframework\boot\spring-boot-starter-json\3.2.3\spring-boot-starter-json-3.2.3.jar;C:\Users\Zelto Lira\.m2\repository\com\fasterxml\jackson\core\jackson-databind\2.15.4\jackson-databind-2.15.4.jar;C:\Users\Zelto Lira\.m2\repository\com\fasterxml\jackson\datatype\jackson-datatype-jdk8\2.15.4\jackson-datatype-jdk8-2.15.4.jar;C:\Users\Zelto Lira\.m2\repository\com\fasterxml\jackson\datatype\jackson-datatype-jsr310\2.15.4\jackson-datatype-jsr310-2.15.4.jar;C:\Users\Zelto Lira\.m2\repository\com\fasterxml\jackson\module\jackson-module-parameter-names\2.15.4\jackson-module-parameter-names-2.15.4.jar;C:\Users\Zelto Lira\.m2\repository\org\springframework\boot\spring-boot-starter-tomcat\3.2.3\spring-boot-starter-tomcat-3.2.3.jar;C:\Users\Zelto Lira\.m2\repository\org\apache\tomcat\embed\tomcat-embed-core\10.1.19\tomca
Launcher Type: SUN_STANDARD

[Global flags]
     intx CICompilerCount                          = 12                                        {product} {ergonomic}
     uint ConcGCThreads                            = 3                                         {product} {ergonomic}
     uint G1ConcRefinementThreads                  = 13                                        {product} {ergonomic}
   size_t G1HeapRegionSize                         = 1048576                                   {product} {ergonomic}
    uintx GCDrainStackTargetSize                   = 64                                        {product} {ergonomic}
   size_t InitialHeapSize                          = 98566144                                  {product} {ergonomic}
   size_t MarkStackSize                            = 4194304                                   {product} {ergonomic}
   size_t MaxHeapSize                              = 1574961152                                {product} {ergonomic}
   size_t MaxNewSize                               = 944766976                                 {product} {ergonomic}
   size_t MinHeapDeltaBytes                        = 1048576                                   {product} {ergonomic}
   size_t MinHeapSize                              = 8388608                                   {product} {ergonomic}
    uintx NonNMethodCodeHeapSize                   = 7602480                                {pd product} {ergonomic}
    uintx NonProfiledCodeHeapSize                  = 122027880                              {pd product} {ergonomic}
    uintx ProfiledCodeHeapSize                     = 122027880                              {pd product} {ergonomic}
    uintx ReservedCodeCacheSize                    = 251658240                              {pd product} {ergonomic}
     bool SegmentedCodeCache                       = true                                      {product} {ergonomic}
   size_t SoftMaxHeapSize                          = 1574961152                             {manageable} {ergonomic}
     bool UseCompressedClassPointers               = true                           {product lp64_product} {ergonomic}
     bool UseCompressedOops                        = true                           {product lp64_product} {ergonomic}
     bool UseG1GC                                  = true                                      {product} {ergonomic}
     bool UseLargePagesIndividualAllocation        = false                                  {pd product} {ergonomic}

Logging:
Log output configuration:
 #0: stdout all=warning uptime,level,tags
 #1: stderr all=off uptime,level,tags

Environment Variables:
JAVA_HOME=C:\Program Files\Java\jdk-17
PATH=C:\Program Files\Common Files\Oracle\Java\javapath;C:\WINDOWS\system32;C:\WINDOWS;C:\WINDOWS\System32\Wbem;C:\WINDOWS\System32\WindowsPowerShell\v1.0\;C:\WINDOWS\System32\OpenSSH\;C:\Program Files\Java\jdk-11\bin;C:\Program Files\Git\cmd;C:\Program Files\Docker\Docker\resources\bin;C:\Users\Zelto Lira\AppData\Local\Microsoft\WindowsApps;C:\apache-maven-3.9.3\bin;C:\Program Files\JetBrains\IntelliJ IDEA Educational Edition 2022.2.2\bin;C:\Program Files\Java\jdk-17\bin;;C:\Program Files\Java\jdk-17\bin;
USERNAME=Zelto Lira
OS=Windows_NT
PROCESSOR_IDENTIFIER=AMD64 Family 23 Model 104 Stepping 1, AuthenticAMD



---------------  S Y S T E M  ---------------

OS:
 Windows 11 , 64 bit Build 22621 (10.0.22621.3085)
OS uptime: 5 days 2:29 hours
Hyper-V role detected

CPU: total 16 (initial active 16) (16 cores per cpu, 2 threads per core) family 23 model 104 stepping 1 microcode 0x0, cx8, cmov, fxsr, ht, mmx, 3dnowpref, sse, sse2, sse3, ssse3, sse4a, sse4.1, sse4.2, popcnt, lzcnt, tsc, tscinvbit, avx, avx2, aes, clmul, bmi1, bmi2, adx, sha, fma, vzeroupper, clflush, clflushopt, hv

Memory: 4k page, system-wide physical 6005M (11M free)
TotalPageFile size 24437M (AvailPageFile size 4M)
current process WorkingSet (physical memory assigned to process): 97M, peak: 97M
current process commit charge ("private bytes"): 213M, peak: 213M

vm_info: Java HotSpot(TM) 64-Bit Server VM (17.0.8+9-LTS-211) for windows-amd64 JRE (17.0.8+9-LTS-211), built on Jun 14 2023 10:34:31 by "mach5one" with MS VC++ 17.1 (VS2022)

END.
